<?xml version="1.0" encoding="UTF-8"?>
<coverage generated="1749516947614" clover="3.2.0">
  <project timestamp="1749516947614" name="All files">
    <metrics statements="26" coveredstatements="12" conditionals="2" coveredconditionals="1" methods="9" coveredmethods="3" elements="37" coveredelements="16" complexity="0" loc="26" ncloc="26" packages="2" files="2" classes="2"/>
    <package name="services">
      <metrics statements="23" coveredstatements="9" conditionals="2" coveredconditionals="1" methods="8" coveredmethods="2"/>
      <file name="turmas.service.ts" path="C:\Users\smart\OneDrive\Documentos\academy-growdev\programa-starter\21ed\react-III\academy-api-21ed\src\services\turmas.service.ts">
        <metrics statements="23" coveredstatements="9" conditionals="2" coveredconditionals="1" methods="8" coveredmethods="2"/>
        <line num="2" count="1" type="stmt"/>
        <line num="3" count="1" type="stmt"/>
        <line num="10" count="1" type="stmt"/>
        <line num="13" count="2" type="stmt"/>
        <line num="18" count="2" type="stmt"/>
        <line num="27" count="2" type="cond" truecount="1" falsecount="0"/>
        <line num="28" count="1" type="stmt"/>
        <line num="34" count="1" type="stmt"/>
        <line num="42" count="1" type="stmt"/>
        <line num="45" count="0" type="stmt"/>
        <line num="46" count="0" type="stmt"/>
        <line num="59" count="0" type="stmt"/>
        <line num="63" count="0" type="stmt"/>
        <line num="67" count="0" type="cond" truecount="0" falsecount="1"/>
        <line num="68" count="0" type="stmt"/>
        <line num="71" count="0" type="stmt"/>
        <line num="74" count="0" type="stmt"/>
        <line num="80" count="0" type="stmt"/>
        <line num="82" count="0" type="stmt"/>
        <line num="91" count="0" type="stmt"/>
        <line num="95" count="0" type="stmt"/>
        <line num="97" count="0" type="stmt"/>
        <line num="101" count="0" type="stmt"/>
      </file>
    </package>
    <package name="utils">
      <metrics statements="3" coveredstatements="3" conditionals="0" coveredconditionals="0" methods="1" coveredmethods="1"/>
      <file name="http.error.ts" path="C:\Users\smart\OneDrive\Documentos\academy-growdev\programa-starter\21ed\react-III\academy-api-21ed\src\utils\http.error.ts">
        <metrics statements="3" coveredstatements="3" conditionals="0" coveredconditionals="0" methods="1" coveredmethods="1"/>
        <line num="1" count="1" type="stmt"/>
        <line num="2" count="2" type="stmt"/>
        <line num="3" count="2" type="stmt"/>
      </file>
    </package>
  </project>
</coverage>
