{"C:\\Users\\smart\\OneDrive\\Documentos\\academy-growdev\\programa-starter\\21ed\\react-III\\academy-api-21ed\\src\\envs.ts": {"path":"C:\\Users\\smart\\OneDrive\\Documentos\\academy-growdev\\programa-starter\\21ed\\react-III\\academy-api-21ed\\src\\envs.ts","statementMap":{"0":{"start":{"line":1,"column":0},"end":{"line":1,"column":28}},"1":{"start":{"line":3,"column":0},"end":{"line":3,"column":16}},"2":{"start":{"line":5,"column":13},"end":{"line":11,"column":2}}},"fnMap":{},"branchMap":{},"s":{"0":1,"1":1,"2":1},"f":{},"b":{}}
,"C:\\Users\\smart\\OneDrive\\Documentos\\academy-growdev\\programa-starter\\21ed\\react-III\\academy-api-21ed\\src\\services\\alunos.service.ts": {"path":"C:\\Users\\smart\\OneDrive\\Documentos\\academy-growdev\\programa-starter\\21ed\\react-III\\academy-api-21ed\\src\\services\\alunos.service.ts","statementMap":{"0":{"start":{"line":2,"column":0},"end":{"line":2,"column":53}},"1":{"start":{"line":8,"column":0},"end":{"line":8,"column":48}},"2":{"start":{"line":9,"column":0},"end":{"line":9,"column":41}},"3":{"start":{"line":16,"column":25},"end":{"line":48,"column":null}},"4":{"start":{"line":23,"column":30},"end":{"line":25,"column":6}},"5":{"start":{"line":27,"column":4},"end":{"line":29,"column":5}},"6":{"start":{"line":28,"column":6},"end":{"line":28,"column":71}},"7":{"start":{"line":31,"column":19},"end":{"line":31,"column":31}},"8":{"start":{"line":32,"column":33},"end":{"line":32,"column":62}},"9":{"start":{"line":34,"column":22},"end":{"line":44,"column":6}},"10":{"start":{"line":47,"column":4},"end":{"line":47,"column":21}},"11":{"start":{"line":50,"column":22},"end":{"line":68,"column":null}},"12":{"start":{"line":51,"column":21},"end":{"line":65,"column":6}},"13":{"start":{"line":67,"column":4},"end":{"line":67,"column":20}},"14":{"start":{"line":71,"column":18},"end":{"line":79,"column":6}},"15":{"start":{"line":81,"column":4},"end":{"line":83,"column":5}},"16":{"start":{"line":82,"column":6},"end":{"line":82,"column":55}},"17":{"start":{"line":85,"column":4},"end":{"line":85,"column":17}},"18":{"start":{"line":88,"column":25},"end":{"line":111,"column":null}},"19":{"start":{"line":95,"column":4},"end":{"line":95,"column":31}},"20":{"start":{"line":97,"column":28},"end":{"line":108,"column":6}},"21":{"start":{"line":110,"column":4},"end":{"line":110,"column":27}},"22":{"start":{"line":114,"column":4},"end":{"line":114,"column":36}},"23":{"start":{"line":116,"column":26},"end":{"line":121,"column":6}},"24":{"start":{"line":123,"column":4},"end":{"line":123,"column":25}},"25":{"start":{"line":14,"column":0},"end":{"line":14,"column":13}}},"fnMap":{"0":{"name":"(anonymous_8)","decl":{"start":{"line":16,"column":15},"end":{"line":16,"column":24}},"loc":{"start":{"line":16,"column":24},"end":{"line":48,"column":null}}},"1":{"name":"(anonymous_9)","decl":{"start":{"line":16,"column":25},"end":{"line":16,"column":null}},"loc":{"start":{"line":22,"column":22},"end":{"line":48,"column":3}}},"2":{"name":"(anonymous_10)","decl":{"start":{"line":50,"column":15},"end":{"line":50,"column":21}},"loc":{"start":{"line":50,"column":21},"end":{"line":68,"column":null}}},"3":{"name":"(anonymous_11)","decl":{"start":{"line":50,"column":22},"end":{"line":50,"column":24}},"loc":{"start":{"line":50,"column":47},"end":{"line":68,"column":3}}},"4":{"name":"(anonymous_12)","decl":{"start":{"line":70,"column":15},"end":{"line":70,"column":26}},"loc":{"start":{"line":70,"column":42},"end":{"line":86,"column":null}}},"5":{"name":"(anonymous_14)","decl":{"start":{"line":88,"column":15},"end":{"line":88,"column":24}},"loc":{"start":{"line":88,"column":24},"end":{"line":111,"column":null}}},"6":{"name":"(anonymous_15)","decl":{"start":{"line":88,"column":25},"end":{"line":88,"column":null}},"loc":{"start":{"line":94,"column":22},"end":{"line":111,"column":3}}},"7":{"name":"(anonymous_16)","decl":{"start":{"line":113,"column":15},"end":{"line":113,"column":22}},"loc":{"start":{"line":113,"column":38},"end":{"line":124,"column":null}}}},"branchMap":{"0":{"loc":{"start":{"line":27,"column":4},"end":{"line":29,"column":5}},"type":"if","locations":[{"start":{"line":27,"column":4},"end":{"line":29,"column":5}}]},"1":{"loc":{"start":{"line":81,"column":4},"end":{"line":83,"column":5}},"type":"if","locations":[{"start":{"line":81,"column":4},"end":{"line":83,"column":5}}]}},"s":{"0":1,"1":1,"2":1,"3":3,"4":3,"5":3,"6":1,"7":2,"8":2,"9":2,"10":1,"11":0,"12":0,"13":0,"14":0,"15":0,"16":0,"17":0,"18":0,"19":0,"20":0,"21":0,"22":0,"23":0,"24":0,"25":1},"f":{"0":3,"1":3,"2":0,"3":0,"4":0,"5":0,"6":0,"7":0},"b":{"0":[1],"1":[0]}}
,"C:\\Users\\smart\\OneDrive\\Documentos\\academy-growdev\\programa-starter\\21ed\\react-III\\academy-api-21ed\\src\\services\\turmas.service.ts": {"path":"C:\\Users\\smart\\OneDrive\\Documentos\\academy-growdev\\programa-starter\\21ed\\react-III\\academy-api-21ed\\src\\services\\turmas.service.ts","statementMap":{"0":{"start":{"line":2,"column":0},"end":{"line":2,"column":54}},"1":{"start":{"line":3,"column":0},"end":{"line":3,"column":48}},"2":{"start":{"line":13,"column":25},"end":{"line":43,"column":null}},"3":{"start":{"line":18,"column":30},"end":{"line":25,"column":6}},"4":{"start":{"line":27,"column":4},"end":{"line":32,"column":5}},"5":{"start":{"line":28,"column":6},"end":{"line":31,"column":8}},"6":{"start":{"line":34,"column":22},"end":{"line":40,"column":6}},"7":{"start":{"line":42,"column":4},"end":{"line":42,"column":21}},"8":{"start":{"line":45,"column":22},"end":{"line":60,"column":null}},"9":{"start":{"line":46,"column":21},"end":{"line":57,"column":6}},"10":{"start":{"line":59,"column":4},"end":{"line":59,"column":20}},"11":{"start":{"line":63,"column":18},"end":{"line":65,"column":6}},"12":{"start":{"line":67,"column":4},"end":{"line":69,"column":5}},"13":{"start":{"line":68,"column":6},"end":{"line":68,"column":55}},"14":{"start":{"line":71,"column":4},"end":{"line":71,"column":17}},"15":{"start":{"line":74,"column":25},"end":{"line":92,"column":null}},"16":{"start":{"line":80,"column":4},"end":{"line":80,"column":31}},"17":{"start":{"line":82,"column":28},"end":{"line":89,"column":6}},"18":{"start":{"line":91,"column":4},"end":{"line":91,"column":27}},"19":{"start":{"line":95,"column":4},"end":{"line":95,"column":36}},"20":{"start":{"line":97,"column":26},"end":{"line":99,"column":6}},"21":{"start":{"line":101,"column":4},"end":{"line":101,"column":25}},"22":{"start":{"line":10,"column":0},"end":{"line":10,"column":13}}},"fnMap":{"0":{"name":"(anonymous_8)","decl":{"start":{"line":13,"column":15},"end":{"line":13,"column":24}},"loc":{"start":{"line":13,"column":24},"end":{"line":43,"column":null}}},"1":{"name":"(anonymous_9)","decl":{"start":{"line":13,"column":25},"end":{"line":13,"column":null}},"loc":{"start":{"line":17,"column":22},"end":{"line":43,"column":3}}},"2":{"name":"(anonymous_10)","decl":{"start":{"line":45,"column":15},"end":{"line":45,"column":21}},"loc":{"start":{"line":45,"column":21},"end":{"line":60,"column":null}}},"3":{"name":"(anonymous_11)","decl":{"start":{"line":45,"column":22},"end":{"line":45,"column":24}},"loc":{"start":{"line":45,"column":58},"end":{"line":60,"column":3}}},"4":{"name":"(anonymous_12)","decl":{"start":{"line":62,"column":15},"end":{"line":62,"column":26}},"loc":{"start":{"line":62,"column":42},"end":{"line":72,"column":null}}},"5":{"name":"(anonymous_14)","decl":{"start":{"line":74,"column":15},"end":{"line":74,"column":24}},"loc":{"start":{"line":74,"column":24},"end":{"line":92,"column":null}}},"6":{"name":"(anonymous_15)","decl":{"start":{"line":74,"column":25},"end":{"line":74,"column":null}},"loc":{"start":{"line":79,"column":22},"end":{"line":92,"column":3}}},"7":{"name":"(anonymous_16)","decl":{"start":{"line":94,"column":15},"end":{"line":94,"column":22}},"loc":{"start":{"line":94,"column":38},"end":{"line":102,"column":null}}}},"branchMap":{"0":{"loc":{"start":{"line":27,"column":4},"end":{"line":32,"column":5}},"type":"if","locations":[{"start":{"line":27,"column":4},"end":{"line":32,"column":5}}]},"1":{"loc":{"start":{"line":67,"column":4},"end":{"line":69,"column":5}},"type":"if","locations":[{"start":{"line":67,"column":4},"end":{"line":69,"column":5}}]}},"s":{"0":1,"1":1,"2":2,"3":2,"4":2,"5":1,"6":1,"7":1,"8":2,"9":2,"10":2,"11":0,"12":0,"13":0,"14":0,"15":0,"16":0,"17":0,"18":0,"19":0,"20":0,"21":0,"22":1},"f":{"0":2,"1":2,"2":2,"3":2,"4":0,"5":0,"6":0,"7":0},"b":{"0":[1],"1":[0]}}
,"C:\\Users\\smart\\OneDrive\\Documentos\\academy-growdev\\programa-starter\\21ed\\react-III\\academy-api-21ed\\src\\utils\\bcrypt.ts": {"path":"C:\\Users\\smart\\OneDrive\\Documentos\\academy-growdev\\programa-starter\\21ed\\react-III\\academy-api-21ed\\src\\utils\\bcrypt.ts","statementMap":{"0":{"start":{"line":1,"column":0},"end":{"line":1,"column":28}},"1":{"start":{"line":2,"column":0},"end":{"line":2,"column":31}},"2":{"start":{"line":3,"column":0},"end":{"line":3,"column":41}},"3":{"start":{"line":8,"column":8},"end":{"line":10,"column":9}},"4":{"start":{"line":9,"column":12},"end":{"line":9,"column":null}},"5":{"start":{"line":12,"column":21},"end":{"line":12,"column":68}},"6":{"start":{"line":14,"column":8},"end":{"line":14,"column":null}},"7":{"start":{"line":18,"column":8},"end":{"line":20,"column":9}},"8":{"start":{"line":19,"column":12},"end":{"line":19,"column":null}},"9":{"start":{"line":22,"column":24},"end":{"line":22,"column":62}},"10":{"start":{"line":24,"column":8},"end":{"line":24,"column":null}},"11":{"start":{"line":5,"column":0},"end":{"line":5,"column":13}}},"fnMap":{"0":{"name":"(anonymous_8)","decl":{"start":{"line":7,"column":17},"end":{"line":7,"column":26}},"loc":{"start":{"line":7,"column":45},"end":{"line":15,"column":null}}},"1":{"name":"(anonymous_10)","decl":{"start":{"line":17,"column":17},"end":{"line":17,"column":25}},"loc":{"start":{"line":17,"column":58},"end":{"line":25,"column":null}}}},"branchMap":{"0":{"loc":{"start":{"line":8,"column":8},"end":{"line":10,"column":9}},"type":"if","locations":[{"start":{"line":8,"column":8},"end":{"line":10,"column":9}}]},"1":{"loc":{"start":{"line":18,"column":8},"end":{"line":20,"column":9}},"type":"if","locations":[{"start":{"line":18,"column":8},"end":{"line":20,"column":9}}]}},"s":{"0":1,"1":1,"2":1,"3":0,"4":0,"5":0,"6":0,"7":0,"8":0,"9":0,"10":0,"11":1},"f":{"0":0,"1":0},"b":{"0":[0],"1":[0]}}
,"C:\\Users\\smart\\OneDrive\\Documentos\\academy-growdev\\programa-starter\\21ed\\react-III\\academy-api-21ed\\src\\utils\\http.error.ts": {"path":"C:\\Users\\smart\\OneDrive\\Documentos\\academy-growdev\\programa-starter\\21ed\\react-III\\academy-api-21ed\\src\\utils\\http.error.ts","statementMap":{"0":{"start":{"line":3,"column":4},"end":{"line":3,"column":24}},"1":{"start":{"line":2,"column":21},"end":{"line":2,"column":39}},"2":{"start":{"line":1,"column":0},"end":{"line":1,"column":13}}},"fnMap":{"0":{"name":"(anonymous_0)","decl":{"start":{"line":2,"column":2},"end":{"line":2,"column":21}},"loc":{"start":{"line":2,"column":61},"end":{"line":4,"column":3}}}},"branchMap":{},"s":{"0":4,"1":4,"2":2},"f":{"0":4},"b":{}}
}
