{"C:\\Users\\smart\\OneDrive\\Documentos\\academy-growdev\\programa-starter\\21ed\\react-III\\academy-api-21ed\\src\\services\\turmas.service.ts": {"path":"C:\\Users\\smart\\OneDrive\\Documentos\\academy-growdev\\programa-starter\\21ed\\react-III\\academy-api-21ed\\src\\services\\turmas.service.ts","statementMap":{"0":{"start":{"line":2,"column":0},"end":{"line":2,"column":54}},"1":{"start":{"line":3,"column":0},"end":{"line":3,"column":48}},"2":{"start":{"line":13,"column":25},"end":{"line":43,"column":null}},"3":{"start":{"line":18,"column":30},"end":{"line":25,"column":6}},"4":{"start":{"line":27,"column":4},"end":{"line":32,"column":5}},"5":{"start":{"line":28,"column":6},"end":{"line":31,"column":8}},"6":{"start":{"line":34,"column":22},"end":{"line":40,"column":6}},"7":{"start":{"line":42,"column":4},"end":{"line":42,"column":21}},"8":{"start":{"line":45,"column":22},"end":{"line":60,"column":null}},"9":{"start":{"line":46,"column":21},"end":{"line":57,"column":6}},"10":{"start":{"line":59,"column":4},"end":{"line":59,"column":20}},"11":{"start":{"line":63,"column":18},"end":{"line":65,"column":6}},"12":{"start":{"line":67,"column":4},"end":{"line":69,"column":5}},"13":{"start":{"line":68,"column":6},"end":{"line":68,"column":55}},"14":{"start":{"line":71,"column":4},"end":{"line":71,"column":17}},"15":{"start":{"line":74,"column":25},"end":{"line":92,"column":null}},"16":{"start":{"line":80,"column":4},"end":{"line":80,"column":31}},"17":{"start":{"line":82,"column":28},"end":{"line":89,"column":6}},"18":{"start":{"line":91,"column":4},"end":{"line":91,"column":27}},"19":{"start":{"line":95,"column":4},"end":{"line":95,"column":36}},"20":{"start":{"line":97,"column":26},"end":{"line":99,"column":6}},"21":{"start":{"line":101,"column":4},"end":{"line":101,"column":25}},"22":{"start":{"line":10,"column":0},"end":{"line":10,"column":13}}},"fnMap":{"0":{"name":"(anonymous_8)","decl":{"start":{"line":13,"column":15},"end":{"line":13,"column":24}},"loc":{"start":{"line":13,"column":24},"end":{"line":43,"column":null}}},"1":{"name":"(anonymous_9)","decl":{"start":{"line":13,"column":25},"end":{"line":13,"column":null}},"loc":{"start":{"line":17,"column":22},"end":{"line":43,"column":3}}},"2":{"name":"(anonymous_10)","decl":{"start":{"line":45,"column":15},"end":{"line":45,"column":21}},"loc":{"start":{"line":45,"column":21},"end":{"line":60,"column":null}}},"3":{"name":"(anonymous_11)","decl":{"start":{"line":45,"column":22},"end":{"line":45,"column":24}},"loc":{"start":{"line":45,"column":58},"end":{"line":60,"column":3}}},"4":{"name":"(anonymous_12)","decl":{"start":{"line":62,"column":15},"end":{"line":62,"column":26}},"loc":{"start":{"line":62,"column":42},"end":{"line":72,"column":null}}},"5":{"name":"(anonymous_14)","decl":{"start":{"line":74,"column":15},"end":{"line":74,"column":24}},"loc":{"start":{"line":74,"column":24},"end":{"line":92,"column":null}}},"6":{"name":"(anonymous_15)","decl":{"start":{"line":74,"column":25},"end":{"line":74,"column":null}},"loc":{"start":{"line":79,"column":22},"end":{"line":92,"column":3}}},"7":{"name":"(anonymous_16)","decl":{"start":{"line":94,"column":15},"end":{"line":94,"column":22}},"loc":{"start":{"line":94,"column":38},"end":{"line":102,"column":null}}}},"branchMap":{"0":{"loc":{"start":{"line":27,"column":4},"end":{"line":32,"column":5}},"type":"if","locations":[{"start":{"line":27,"column":4},"end":{"line":32,"column":5}}]},"1":{"loc":{"start":{"line":67,"column":4},"end":{"line":69,"column":5}},"type":"if","locations":[{"start":{"line":67,"column":4},"end":{"line":69,"column":5}}]}},"s":{"0":1,"1":1,"2":2,"3":2,"4":2,"5":1,"6":1,"7":1,"8":0,"9":0,"10":0,"11":0,"12":0,"13":0,"14":0,"15":0,"16":0,"17":0,"18":0,"19":0,"20":0,"21":0,"22":1},"f":{"0":2,"1":2,"2":0,"3":0,"4":0,"5":0,"6":0,"7":0},"b":{"0":[1],"1":[0]}}
,"C:\\Users\\smart\\OneDrive\\Documentos\\academy-growdev\\programa-starter\\21ed\\react-III\\academy-api-21ed\\src\\utils\\http.error.ts": {"path":"C:\\Users\\smart\\OneDrive\\Documentos\\academy-growdev\\programa-starter\\21ed\\react-III\\academy-api-21ed\\src\\utils\\http.error.ts","statementMap":{"0":{"start":{"line":3,"column":4},"end":{"line":3,"column":24}},"1":{"start":{"line":2,"column":21},"end":{"line":2,"column":39}},"2":{"start":{"line":1,"column":0},"end":{"line":1,"column":13}}},"fnMap":{"0":{"name":"(anonymous_0)","decl":{"start":{"line":2,"column":2},"end":{"line":2,"column":21}},"loc":{"start":{"line":2,"column":61},"end":{"line":4,"column":3}}}},"branchMap":{},"s":{"0":2,"1":2,"2":1},"f":{"0":2},"b":{}}
}
