TN:
SF:src\services\turmas.service.ts
FN:13,(anonymous_8)
FN:13,(anonymous_9)
FN:45,(anonymous_10)
FN:45,(anonymous_11)
FN:62,(anonymous_12)
FN:74,(anonymous_14)
FN:74,(anonymous_15)
FN:94,(anonymous_16)
FNF:8
FNH:2
FNDA:2,(anonymous_8)
FNDA:2,(anonymous_9)
FNDA:0,(anonymous_10)
FNDA:0,(anonymous_11)
FNDA:0,(anonymous_12)
FNDA:0,(anonymous_14)
FNDA:0,(anonymous_15)
FNDA:0,(anonymous_16)
DA:2,1
DA:3,1
DA:10,1
DA:13,2
DA:18,2
DA:27,2
DA:28,1
DA:34,1
DA:42,1
DA:45,0
DA:46,0
DA:59,0
DA:63,0
DA:67,0
DA:68,0
DA:71,0
DA:74,0
DA:80,0
DA:82,0
DA:91,0
DA:95,0
DA:97,0
DA:101,0
LF:23
LH:9
BRDA:27,0,0,1
BRDA:67,1,0,0
BRF:2
BRH:1
end_of_record
TN:
SF:src\utils\http.error.ts
FN:2,(anonymous_0)
FNF:1
FNH:1
FNDA:2,(anonymous_0)
DA:1,1
DA:2,2
DA:3,2
LF:3
LH:3
BRF:0
BRH:0
end_of_record
