TN:
SF:src\envs.ts
FNF:0
FNH:0
DA:1,1
DA:3,1
DA:5,1
LF:3
LH:3
BRF:0
BRH:0
end_of_record
TN:
SF:src\services\alunos.service.ts
FN:16,(anonymous_8)
FN:16,(anonymous_9)
FN:50,(anonymous_10)
FN:50,(anonymous_11)
FN:70,(anonymous_12)
FN:88,(anonymous_14)
FN:88,(anonymous_15)
FN:113,(anonymous_16)
FNF:8
FNH:2
FNDA:3,(anonymous_8)
FNDA:3,(anonymous_9)
FNDA:0,(anonymous_10)
FNDA:0,(anonymous_11)
FNDA:0,(anonymous_12)
FNDA:0,(anonymous_14)
FNDA:0,(anonymous_15)
FNDA:0,(anonymous_16)
DA:2,1
DA:8,1
DA:9,1
DA:14,1
DA:16,3
DA:23,3
DA:27,3
DA:28,1
DA:31,2
DA:32,2
DA:34,2
DA:47,1
DA:50,0
DA:51,0
DA:67,0
DA:71,0
DA:81,0
DA:82,0
DA:85,0
DA:88,0
DA:95,0
DA:97,0
DA:110,0
DA:114,0
DA:116,0
DA:123,0
LF:26
LH:12
BRDA:27,0,0,1
BRDA:81,1,0,0
BRF:2
BRH:1
end_of_record
TN:
SF:src\services\turmas.service.ts
FN:13,(anonymous_8)
FN:13,(anonymous_9)
FN:45,(anonymous_10)
FN:45,(anonymous_11)
FN:62,(anonymous_12)
FN:74,(anonymous_14)
FN:74,(anonymous_15)
FN:94,(anonymous_16)
FNF:8
FNH:4
FNDA:2,(anonymous_8)
FNDA:2,(anonymous_9)
FNDA:2,(anonymous_10)
FNDA:2,(anonymous_11)
FNDA:0,(anonymous_12)
FNDA:0,(anonymous_14)
FNDA:0,(anonymous_15)
FNDA:0,(anonymous_16)
DA:2,1
DA:3,1
DA:10,1
DA:13,2
DA:18,2
DA:27,2
DA:28,1
DA:34,1
DA:42,1
DA:45,2
DA:46,2
DA:59,2
DA:63,0
DA:67,0
DA:68,0
DA:71,0
DA:74,0
DA:80,0
DA:82,0
DA:91,0
DA:95,0
DA:97,0
DA:101,0
LF:23
LH:12
BRDA:27,0,0,1
BRDA:67,1,0,0
BRF:2
BRH:1
end_of_record
TN:
SF:src\utils\bcrypt.ts
FN:7,(anonymous_8)
FN:17,(anonymous_10)
FNF:2
FNH:0
FNDA:0,(anonymous_8)
FNDA:0,(anonymous_10)
DA:1,1
DA:2,1
DA:3,1
DA:5,1
DA:8,0
DA:9,0
DA:12,0
DA:14,0
DA:18,0
DA:19,0
DA:22,0
DA:24,0
LF:12
LH:4
BRDA:8,0,0,0
BRDA:18,1,0,0
BRF:2
BRH:0
end_of_record
TN:
SF:src\utils\http.error.ts
FN:2,(anonymous_0)
FNF:1
FNH:1
FNDA:4,(anonymous_0)
DA:1,2
DA:2,4
DA:3,4
LF:3
LH:3
BRF:0
BRH:0
end_of_record
